<?xml version="1.0" encoding="UTF-8"?>
<!-- Generated by org.testng.reporters.JUnitXMLReporter -->
<testsuite ignored="0" hostname="Tech-Nayan" failures="0" tests="4" name="Test" time="121.195" errors="0" timestamp="20 Apr 2023 08:36:39 GMT">
  <testcase classname="growpitalTestClass.ValidatingSucessfullyLoginMessage" name="validateSucessfullLoginMessage" time="10.346"/>
  <testcase classname="growpitalTestClass.ValidatingPersonalInformation" name="ValidationOfUserType" time="7.301"/>
  <testcase classname="growpitalTestClass.ValidatingUploadFiles" name="ValidationOfUploadingPancard" time="17.54"/>
  <testcase classname="growpitalTestClass.ValidatingSucessfullyLoginMessage" name="validateUserName" time="14.38"/>
</testsuite> <!-- Test -->
