<?xml version="1.0" encoding="UTF-8"?>
<!-- Generated by org.testng.reporters.JUnitXMLReporter -->
<testsuite ignored="0" hostname="Tech-Nayan" failures="0" tests="4" name="TestCasesOfGrowptil" time="137.091" errors="0" timestamp="20 Apr 2023 09:54:54 GMT">
  <testcase classname="growpitalTestClass.ValidatingUploadFiles" name="ValidationOfUploadingPancard" time="17.358"/>
  <testcase classname="growpitalTestClass.ValidatingPersonalInformation" name="ValidationOfUserType" time="7.264"/>
  <testcase classname="growpitalTestClass.ValidatingSucessfullyLoginMessage" name="validateSucessfullLoginMessage" time="10.23"/>
  <testcase classname="growpitalTestClass.ValidatingUploadFiles" name="ValidationOfUploadingAadhaarcard" time="17.372"/>
</testsuite> <!-- TestCasesOfGrowptil -->
